Build started 27/08/2018 13:21:23.
     1>Project "C:\Users\leandro\documents\visual studio 2010\Projects\LagashEstacionamiento\LagashEstacionamiento\LagashEstacionamiento.vcxproj" on node 2 (build target(s)).
     1>InitializeBuildStatus:
         Creating "Debug\LagashEstacionamiento.unsuccessfulbuild" because "AlwaysCreate" was specified.
       ClCompile:
         All outputs are up-to-date.
         c:\Program Files (x86)\Microsoft Visual Studio 10.0\VC\bin\CL.exe /c /ZI /nologo /W3 /WX- /Od /Oy- /D WIN32 /D _DEBUG /D _CONSOLE /D _UNICODE /D UNICODE /Gm /EHsc /RTC1 /MDd /GS /fp:precise /Zc:wchar_t /Zc:forScope /Yu"StdAfx.h" /Fp"Debug\LagashEstacionamiento.pch" /Fo"Debug\\" /Fd"Debug\vc100.pdb" /Gd /TP /analyze- /errorReport:prompt LagashEstacionamiento.cpp
         LagashEstacionamiento.cpp
     1>c:\users\leandro\documents\visual studio 2010\projects\lagashestacionamiento\lagashestacionamiento\lagashestacionamiento.cpp(96): warning C4996: 'scanf': This function or variable may be unsafe. Consider using scanf_s instead. To disable deprecation, use _CRT_SECURE_NO_WARNINGS. See online help for details.
                 c:\program files (x86)\microsoft visual studio 10.0\vc\include\stdio.h(304) : see declaration of 'scanf'
     1>c:\users\leandro\documents\visual studio 2010\projects\lagashestacionamiento\lagashestacionamiento\lagashestacionamiento.cpp(112): warning C4996: 'getch': The POSIX name for this item is deprecated. Instead, use the ISO C++ conformant name: _getch. See online help for details.
                 c:\program files (x86)\microsoft visual studio 10.0\vc\include\conio.h(128) : see declaration of 'getch'
     1>c:\users\leandro\documents\visual studio 2010\projects\lagashestacionamiento\lagashestacionamiento\lagashestacionamiento.cpp(131): warning C4996: 'scanf': This function or variable may be unsafe. Consider using scanf_s instead. To disable deprecation, use _CRT_SECURE_NO_WARNINGS. See online help for details.
                 c:\program files (x86)\microsoft visual studio 10.0\vc\include\stdio.h(304) : see declaration of 'scanf'
     1>c:\users\leandro\documents\visual studio 2010\projects\lagashestacionamiento\lagashestacionamiento\lagashestacionamiento.cpp(173): warning C4996: 'getch': The POSIX name for this item is deprecated. Instead, use the ISO C++ conformant name: _getch. See online help for details.
                 c:\program files (x86)\microsoft visual studio 10.0\vc\include\conio.h(128) : see declaration of 'getch'
     1>c:\users\leandro\documents\visual studio 2010\projects\lagashestacionamiento\lagashestacionamiento\lagashestacionamiento.cpp(193): warning C4996: 'getch': The POSIX name for this item is deprecated. Instead, use the ISO C++ conformant name: _getch. See online help for details.
                 c:\program files (x86)\microsoft visual studio 10.0\vc\include\conio.h(128) : see declaration of 'getch'
     1>c:\users\leandro\documents\visual studio 2010\projects\lagashestacionamiento\lagashestacionamiento\lagashestacionamiento.cpp(208): warning C4996: 'scanf': This function or variable may be unsafe. Consider using scanf_s instead. To disable deprecation, use _CRT_SECURE_NO_WARNINGS. See online help for details.
                 c:\program files (x86)\microsoft visual studio 10.0\vc\include\stdio.h(304) : see declaration of 'scanf'
     1>c:\users\leandro\documents\visual studio 2010\projects\lagashestacionamiento\lagashestacionamiento\lagashestacionamiento.cpp(287): warning C4996: 'scanf': This function or variable may be unsafe. Consider using scanf_s instead. To disable deprecation, use _CRT_SECURE_NO_WARNINGS. See online help for details.
                 c:\program files (x86)\microsoft visual studio 10.0\vc\include\stdio.h(304) : see declaration of 'scanf'
     1>c:\users\leandro\documents\visual studio 2010\projects\lagashestacionamiento\lagashestacionamiento\lagashestacionamiento.cpp(293): warning C4996: 'scanf': This function or variable may be unsafe. Consider using scanf_s instead. To disable deprecation, use _CRT_SECURE_NO_WARNINGS. See online help for details.
                 c:\program files (x86)\microsoft visual studio 10.0\vc\include\stdio.h(304) : see declaration of 'scanf'
     1>c:\users\leandro\documents\visual studio 2010\projects\lagashestacionamiento\lagashestacionamiento\lagashestacionamiento.cpp(368): warning C4996: 'scanf': This function or variable may be unsafe. Consider using scanf_s instead. To disable deprecation, use _CRT_SECURE_NO_WARNINGS. See online help for details.
                 c:\program files (x86)\microsoft visual studio 10.0\vc\include\stdio.h(304) : see declaration of 'scanf'
     1>c:\users\leandro\documents\visual studio 2010\projects\lagashestacionamiento\lagashestacionamiento\lagashestacionamiento.cpp(385): warning C4996: 'getch': The POSIX name for this item is deprecated. Instead, use the ISO C++ conformant name: _getch. See online help for details.
                 c:\program files (x86)\microsoft visual studio 10.0\vc\include\conio.h(128) : see declaration of 'getch'
     1>c:\users\leandro\documents\visual studio 2010\projects\lagashestacionamiento\lagashestacionamiento\lagashestacionamiento.cpp(466): warning C4996: 'scanf': This function or variable may be unsafe. Consider using scanf_s instead. To disable deprecation, use _CRT_SECURE_NO_WARNINGS. See online help for details.
                 c:\program files (x86)\microsoft visual studio 10.0\vc\include\stdio.h(304) : see declaration of 'scanf'
     1>c:\users\leandro\documents\visual studio 2010\projects\lagashestacionamiento\lagashestacionamiento\lagashestacionamiento.cpp(484): warning C4996: 'scanf': This function or variable may be unsafe. Consider using scanf_s instead. To disable deprecation, use _CRT_SECURE_NO_WARNINGS. See online help for details.
                 c:\program files (x86)\microsoft visual studio 10.0\vc\include\stdio.h(304) : see declaration of 'scanf'
     1>c:\users\leandro\documents\visual studio 2010\projects\lagashestacionamiento\lagashestacionamiento\lagashestacionamiento.cpp(509): warning C4996: 'scanf': This function or variable may be unsafe. Consider using scanf_s instead. To disable deprecation, use _CRT_SECURE_NO_WARNINGS. See online help for details.
                 c:\program files (x86)\microsoft visual studio 10.0\vc\include\stdio.h(304) : see declaration of 'scanf'
     1>c:\users\leandro\documents\visual studio 2010\projects\lagashestacionamiento\lagashestacionamiento\lagashestacionamiento.cpp(515): warning C4996: 'scanf': This function or variable may be unsafe. Consider using scanf_s instead. To disable deprecation, use _CRT_SECURE_NO_WARNINGS. See online help for details.
                 c:\program files (x86)\microsoft visual studio 10.0\vc\include\stdio.h(304) : see declaration of 'scanf'
     1>c:\users\leandro\documents\visual studio 2010\projects\lagashestacionamiento\lagashestacionamiento\lagashestacionamiento.cpp(521): warning C4996: 'itoa': The POSIX name for this item is deprecated. Instead, use the ISO C++ conformant name: _itoa. See online help for details.
                 c:\program files (x86)\microsoft visual studio 10.0\vc\include\stdlib.h(867) : see declaration of 'itoa'
     1>c:\users\leandro\documents\visual studio 2010\projects\lagashestacionamiento\lagashestacionamiento\lagashestacionamiento.cpp(524): warning C4996: 'itoa': The POSIX name for this item is deprecated. Instead, use the ISO C++ conformant name: _itoa. See online help for details.
                 c:\program files (x86)\microsoft visual studio 10.0\vc\include\stdlib.h(867) : see declaration of 'itoa'
     1>c:\users\leandro\documents\visual studio 2010\projects\lagashestacionamiento\lagashestacionamiento\lagashestacionamiento.cpp(530): warning C4996: 'itoa': The POSIX name for this item is deprecated. Instead, use the ISO C++ conformant name: _itoa. See online help for details.
                 c:\program files (x86)\microsoft visual studio 10.0\vc\include\stdlib.h(867) : see declaration of 'itoa'
     1>c:\users\leandro\documents\visual studio 2010\projects\lagashestacionamiento\lagashestacionamiento\lagashestacionamiento.cpp(533): warning C4996: 'itoa': The POSIX name for this item is deprecated. Instead, use the ISO C++ conformant name: _itoa. See online help for details.
                 c:\program files (x86)\microsoft visual studio 10.0\vc\include\stdlib.h(867) : see declaration of 'itoa'
     1>c:\users\leandro\documents\visual studio 2010\projects\lagashestacionamiento\lagashestacionamiento\lagashestacionamiento.cpp(564): warning C4996: 'scanf': This function or variable may be unsafe. Consider using scanf_s instead. To disable deprecation, use _CRT_SECURE_NO_WARNINGS. See online help for details.
                 c:\program files (x86)\microsoft visual studio 10.0\vc\include\stdio.h(304) : see declaration of 'scanf'
     1>c:\users\leandro\documents\visual studio 2010\projects\lagashestacionamiento\lagashestacionamiento\lagashestacionamiento.cpp(569): warning C4996: 'scanf': This function or variable may be unsafe. Consider using scanf_s instead. To disable deprecation, use _CRT_SECURE_NO_WARNINGS. See online help for details.
                 c:\program files (x86)\microsoft visual studio 10.0\vc\include\stdio.h(304) : see declaration of 'scanf'
     1>c:\users\leandro\documents\visual studio 2010\projects\lagashestacionamiento\lagashestacionamiento\lagashestacionamiento.cpp(574): warning C4996: 'scanf': This function or variable may be unsafe. Consider using scanf_s instead. To disable deprecation, use _CRT_SECURE_NO_WARNINGS. See online help for details.
                 c:\program files (x86)\microsoft visual studio 10.0\vc\include\stdio.h(304) : see declaration of 'scanf'
     1>c:\users\leandro\documents\visual studio 2010\projects\lagashestacionamiento\lagashestacionamiento\lagashestacionamiento.cpp(579): warning C4996: 'getch': The POSIX name for this item is deprecated. Instead, use the ISO C++ conformant name: _getch. See online help for details.
                 c:\program files (x86)\microsoft visual studio 10.0\vc\include\conio.h(128) : see declaration of 'getch'
     1>c:\users\leandro\documents\visual studio 2010\projects\lagashestacionamiento\lagashestacionamiento\lagashestacionamiento.cpp(588): warning C4996: 'scanf': This function or variable may be unsafe. Consider using scanf_s instead. To disable deprecation, use _CRT_SECURE_NO_WARNINGS. See online help for details.
                 c:\program files (x86)\microsoft visual studio 10.0\vc\include\stdio.h(304) : see declaration of 'scanf'
     1>c:\users\leandro\documents\visual studio 2010\projects\lagashestacionamiento\lagashestacionamiento\lagashestacionamiento.cpp(599): warning C4996: 'fopen': This function or variable may be unsafe. Consider using fopen_s instead. To disable deprecation, use _CRT_SECURE_NO_WARNINGS. See online help for details.
                 c:\program files (x86)\microsoft visual studio 10.0\vc\include\stdio.h(234) : see declaration of 'fopen'
     1>c:\users\leandro\documents\visual studio 2010\projects\lagashestacionamiento\lagashestacionamiento\lagashestacionamiento.cpp(606): warning C4996: 'fscanf': This function or variable may be unsafe. Consider using fscanf_s instead. To disable deprecation, use _CRT_SECURE_NO_WARNINGS. See online help for details.
                 c:\program files (x86)\microsoft visual studio 10.0\vc\include\stdio.h(253) : see declaration of 'fscanf'
     1>c:\users\leandro\documents\visual studio 2010\projects\lagashestacionamiento\lagashestacionamiento\lagashestacionamiento.cpp(613): warning C4996: 'fscanf': This function or variable may be unsafe. Consider using fscanf_s instead. To disable deprecation, use _CRT_SECURE_NO_WARNINGS. See online help for details.
                 c:\program files (x86)\microsoft visual studio 10.0\vc\include\stdio.h(253) : see declaration of 'fscanf'
     1>c:\users\leandro\documents\visual studio 2010\projects\lagashestacionamiento\lagashestacionamiento\lagashestacionamiento.cpp(614): warning C4996: 'fscanf': This function or variable may be unsafe. Consider using fscanf_s instead. To disable deprecation, use _CRT_SECURE_NO_WARNINGS. See online help for details.
                 c:\program files (x86)\microsoft visual studio 10.0\vc\include\stdio.h(253) : see declaration of 'fscanf'
     1>c:\users\leandro\documents\visual studio 2010\projects\lagashestacionamiento\lagashestacionamiento\lagashestacionamiento.cpp(615): warning C4996: 'fscanf': This function or variable may be unsafe. Consider using fscanf_s instead. To disable deprecation, use _CRT_SECURE_NO_WARNINGS. See online help for details.
                 c:\program files (x86)\microsoft visual studio 10.0\vc\include\stdio.h(253) : see declaration of 'fscanf'
     1>c:\users\leandro\documents\visual studio 2010\projects\lagashestacionamiento\lagashestacionamiento\lagashestacionamiento.cpp(616): warning C4996: 'fscanf': This function or variable may be unsafe. Consider using fscanf_s instead. To disable deprecation, use _CRT_SECURE_NO_WARNINGS. See online help for details.
                 c:\program files (x86)\microsoft visual studio 10.0\vc\include\stdio.h(253) : see declaration of 'fscanf'
     1>c:\users\leandro\documents\visual studio 2010\projects\lagashestacionamiento\lagashestacionamiento\lagashestacionamiento.cpp(617): warning C4996: 'fscanf': This function or variable may be unsafe. Consider using fscanf_s instead. To disable deprecation, use _CRT_SECURE_NO_WARNINGS. See online help for details.
                 c:\program files (x86)\microsoft visual studio 10.0\vc\include\stdio.h(253) : see declaration of 'fscanf'
     1>c:\users\leandro\documents\visual studio 2010\projects\lagashestacionamiento\lagashestacionamiento\lagashestacionamiento.cpp(624): warning C4996: 'fopen': This function or variable may be unsafe. Consider using fopen_s instead. To disable deprecation, use _CRT_SECURE_NO_WARNINGS. See online help for details.
                 c:\program files (x86)\microsoft visual studio 10.0\vc\include\stdio.h(234) : see declaration of 'fopen'
     1>c:\users\leandro\documents\visual studio 2010\projects\lagashestacionamiento\lagashestacionamiento\lagashestacionamiento.cpp(627): warning C4996: 'fscanf': This function or variable may be unsafe. Consider using fscanf_s instead. To disable deprecation, use _CRT_SECURE_NO_WARNINGS. See online help for details.
                 c:\program files (x86)\microsoft visual studio 10.0\vc\include\stdio.h(253) : see declaration of 'fscanf'
     1>c:\users\leandro\documents\visual studio 2010\projects\lagashestacionamiento\lagashestacionamiento\lagashestacionamiento.cpp(628): warning C4996: 'fscanf': This function or variable may be unsafe. Consider using fscanf_s instead. To disable deprecation, use _CRT_SECURE_NO_WARNINGS. See online help for details.
                 c:\program files (x86)\microsoft visual studio 10.0\vc\include\stdio.h(253) : see declaration of 'fscanf'
     1>c:\users\leandro\documents\visual studio 2010\projects\lagashestacionamiento\lagashestacionamiento\lagashestacionamiento.cpp(629): warning C4996: 'fscanf': This function or variable may be unsafe. Consider using fscanf_s instead. To disable deprecation, use _CRT_SECURE_NO_WARNINGS. See online help for details.
                 c:\program files (x86)\microsoft visual studio 10.0\vc\include\stdio.h(253) : see declaration of 'fscanf'
     1>c:\users\leandro\documents\visual studio 2010\projects\lagashestacionamiento\lagashestacionamiento\lagashestacionamiento.cpp(639): warning C4996: 'fopen': This function or variable may be unsafe. Consider using fopen_s instead. To disable deprecation, use _CRT_SECURE_NO_WARNINGS. See online help for details.
                 c:\program files (x86)\microsoft visual studio 10.0\vc\include\stdio.h(234) : see declaration of 'fopen'
     1>c:\users\leandro\documents\visual studio 2010\projects\lagashestacionamiento\lagashestacionamiento\lagashestacionamiento.cpp(656): warning C4996: 'fopen': This function or variable may be unsafe. Consider using fopen_s instead. To disable deprecation, use _CRT_SECURE_NO_WARNINGS. See online help for details.
                 c:\program files (x86)\microsoft visual studio 10.0\vc\include\stdio.h(234) : see declaration of 'fopen'
     1>c:\users\leandro\documents\visual studio 2010\projects\lagashestacionamiento\lagashestacionamiento\lagashestacionamiento.cpp(717): warning C4996: 'getch': The POSIX name for this item is deprecated. Instead, use the ISO C++ conformant name: _getch. See online help for details.
                 c:\program files (x86)\microsoft visual studio 10.0\vc\include\conio.h(128) : see declaration of 'getch'
       ManifestResourceCompile:
         All outputs are up-to-date.
       Link:
         c:\Program Files (x86)\Microsoft Visual Studio 10.0\VC\bin\link.exe /ERRORREPORT:PROMPT /OUT:"C:\Users\leandro\documents\visual studio 2010\Projects\LagashEstacionamiento\Debug\LagashEstacionamiento.exe" /INCREMENTAL /NOLOGO kernel32.lib user32.lib gdi32.lib winspool.lib comdlg32.lib advapi32.lib shell32.lib ole32.lib oleaut32.lib uuid.lib odbc32.lib odbccp32.lib /MANIFEST /ManifestFile:"Debug\LagashEstacionamiento.exe.intermediate.manifest" /MANIFESTUAC:"level='asInvoker' uiAccess='false'" /DEBUG /PDB:"C:\Users\leandro\documents\visual studio 2010\Projects\LagashEstacionamiento\Debug\LagashEstacionamiento.pdb" /SUBSYSTEM:CONSOLE /TLBID:1 /DYNAMICBASE /NXCOMPAT /IMPLIB:"C:\Users\leandro\documents\visual studio 2010\Projects\LagashEstacionamiento\Debug\LagashEstacionamiento.lib" /MACHINE:X86 Debug\LagashEstacionamiento.exe.embed.manifest.res
         Debug\LagashEstacionamiento.obj
         Debug\stdafx.obj
       Manifest:
         C:\Program Files (x86)\Microsoft SDKs\Windows\v7.0A\bin\mt.exe /nologo /verbose /out:"Debug\LagashEstacionamiento.exe.embed.manifest" /manifest Debug\LagashEstacionamiento.exe.intermediate.manifest
         All outputs are up-to-date.
       LinkEmbedManifest:
         All outputs are up-to-date.
         LagashEstacionamiento.vcxproj -> C:\Users\leandro\documents\visual studio 2010\Projects\LagashEstacionamiento\Debug\LagashEstacionamiento.exe
       FinalizeBuildStatus:
         Deleting file "Debug\LagashEstacionamiento.unsuccessfulbuild".
         Touching "Debug\LagashEstacionamiento.lastbuildstate".
     1>Done Building Project "C:\Users\leandro\documents\visual studio 2010\Projects\LagashEstacionamiento\LagashEstacionamiento\LagashEstacionamiento.vcxproj" (build target(s)).

Build succeeded.

Time Elapsed 00:00:01.48
